0 info it worked if it ends with ok
1 verbose cli [ '/usr/local/bin/node',
1 verbose cli   '/usr/local/bin/npm',
1 verbose cli   'install',
1 verbose cli   '--save',
1 verbose cli   'react-google-maps/lib/utils' ]
2 info using npm@2.14.12
3 info using node@v4.3.0
4 verbose install initial load of /Users/ssaekoo/Downloads/ThePathLessTraveled/package.json
5 warn package.json ThePathLessTraveled@1.0.0 No repository field.
6 verbose installManyTop reading scoped package data from /Users/ssaekoo/Downloads/ThePathLessTraveled/node_modules/babel-core/package.json
7 verbose installManyTop reading scoped package data from /Users/ssaekoo/Downloads/ThePathLessTraveled/node_modules/babel-loader/package.json
8 verbose installManyTop reading scoped package data from /Users/ssaekoo/Downloads/ThePathLessTraveled/node_modules/babel-preset-react/package.json
9 verbose installManyTop reading scoped package data from /Users/ssaekoo/Downloads/ThePathLessTraveled/node_modules/bootstrap/package.json
10 verbose installManyTop reading scoped package data from /Users/ssaekoo/Downloads/ThePathLessTraveled/node_modules/flux/package.json
11 verbose installManyTop reading scoped package data from /Users/ssaekoo/Downloads/ThePathLessTraveled/node_modules/grunt-cli/package.json
12 verbose installManyTop reading scoped package data from /Users/ssaekoo/Downloads/ThePathLessTraveled/node_modules/history/package.json
13 verbose installManyTop reading scoped package data from /Users/ssaekoo/Downloads/ThePathLessTraveled/node_modules/react/package.json
14 verbose installManyTop reading scoped package data from /Users/ssaekoo/Downloads/ThePathLessTraveled/node_modules/react-addons-css-transition-group/package.json
15 verbose installManyTop reading scoped package data from /Users/ssaekoo/Downloads/ThePathLessTraveled/node_modules/react-addons-linked-state-mixin/package.json
16 verbose installManyTop reading scoped package data from /Users/ssaekoo/Downloads/ThePathLessTraveled/node_modules/react-addons-update/package.json
17 verbose installManyTop reading scoped package data from /Users/ssaekoo/Downloads/ThePathLessTraveled/node_modules/react-bootstrap/package.json
18 verbose installManyTop reading scoped package data from /Users/ssaekoo/Downloads/ThePathLessTraveled/node_modules/react-dom/package.json
19 verbose installManyTop reading scoped package data from /Users/ssaekoo/Downloads/ThePathLessTraveled/node_modules/react-google-maps/package.json
20 verbose installManyTop reading scoped package data from /Users/ssaekoo/Downloads/ThePathLessTraveled/node_modules/react-router/package.json
21 verbose installManyTop reading scoped package data from /Users/ssaekoo/Downloads/ThePathLessTraveled/node_modules/react-star-rating/package.json
22 verbose installManyTop reading scoped package data from /Users/ssaekoo/Downloads/ThePathLessTraveled/node_modules/scrollmagic/package.json
23 verbose installManyTop reading scoped package data from /Users/ssaekoo/Downloads/ThePathLessTraveled/node_modules/webpack/package.json
24 info package.json grunt-cli@0.1.13 No license field.
25 info package.json react-star-rating@1.4.2 No repository field.
26 info package.json scrollmagic@2.0.5 No license field.
27 verbose readDependencies loading dependencies from /Users/ssaekoo/Downloads/ThePathLessTraveled/package.json
28 silly cache add args [ 'react-google-maps/lib/utils', null ]
29 verbose cache add spec react-google-maps/lib/utils
30 silly cache add parsed spec Result {
30 silly cache add   raw: 'react-google-maps/lib/utils',
30 silly cache add   scope: null,
30 silly cache add   name: null,
30 silly cache add   rawSpec: 'react-google-maps/lib/utils',
30 silly cache add   spec: '/Users/ssaekoo/Downloads/ThePathLessTraveled/react-google-maps/lib/utils',
30 silly cache add   type: 'local' }
31 error addLocal Could not install /Users/ssaekoo/Downloads/ThePathLessTraveled/react-google-maps/lib/utils
32 verbose stack Error: ENOENT: no such file or directory, open '/Users/ssaekoo/Downloads/ThePathLessTraveled/react-google-maps/lib/utils'
32 verbose stack     at Error (native)
33 verbose cwd /Users/ssaekoo/Downloads/ThePathLessTraveled
34 error Darwin 14.5.0
35 error argv "/usr/local/bin/node" "/usr/local/bin/npm" "install" "--save" "react-google-maps/lib/utils"
36 error node v4.3.0
37 error npm  v2.14.12
38 error path /Users/ssaekoo/Downloads/ThePathLessTraveled/react-google-maps/lib/utils
39 error code ENOENT
40 error errno -2
41 error syscall open
42 error enoent ENOENT: no such file or directory, open '/Users/ssaekoo/Downloads/ThePathLessTraveled/react-google-maps/lib/utils'
42 error enoent This is most likely not a problem with npm itself
42 error enoent and is related to npm not being able to find a file.
43 verbose exit [ -2, true ]
